<?xml version="1.0" encoding="UTF-8"?>
<testng-results ignored="0" total="1" passed="1" failed="0" skipped="0">
  <reporter-output>
  </reporter-output>
  <suite started-at="2023-02-04T13:03:08 IST" name="Default suite" finished-at="2023-02-04T13:03:14 IST" duration-ms="5573">
    <groups>
    </groups>
    <test started-at="2023-02-04T13:03:08 IST" name="Default test" finished-at="2023-02-04T13:03:14 IST" duration-ms="5573">
      <class name="Ecommerce.API.practice1">
        <test-method signature="test1()[pri:0, instance:Ecommerce.API.practice1@7e5afaa6]" started-at="2023-02-04T13:03:08 IST" name="test1" finished-at="2023-02-04T13:03:14 IST" duration-ms="5520" status="PASS">
          <reporter-output>
          </reporter-output>
        </test-method> <!-- test1 -->
      </class> <!-- Ecommerce.API.practice1 -->
    </test> <!-- Default test -->
  </suite> <!-- Default suite -->
</testng-results>
