<?xml version="1.0" encoding="UTF-8"?>
<testsuite xmlns:xsi="http://www.w3.org/2001/XMLSchema-instance" xsi:noNamespaceSchemaLocation="https://maven.apache.org/surefire/maven-surefire-plugin/xsd/surefire-test-report-3.0.xsd" version="3.0" name="cucumber.Options.TestRunner" time="12.094" tests="7" errors="0" skipped="0" failures="0">
  <properties>
[...]
</properties>
  <testcase name="Test Graph QL query" classname="Graph QL Query and Mutation" time="3.059">
    <system-err><![CDATA[Feb 12, 2023 10:29:25 PM io.cucumber.core.options.CucumberPropertiesParser lambda$warnWhenCucumberOptionsIsUsed$1
WARNING: Passing commandline options via the property 'cucumber.options' is no longer supported. Please use individual properties instead. See the java doc on io.cucumber.core.options.Constants for details.
]]></system-err>
  </testcase>
  <testcase name="Test Graph QL &quot;mutation&quot;" classname="Graph QL Query and Mutation" time="0.19"/>
  <testcase name="Verify addplace added sucessfully #1" classname="addPlace with diffrent data" time="2.783">
    <system-out><![CDATA[Request method:	POST
Request URI:	https://rahulshettyacademy.com/maps/api/place/add/json?key=qaclick123
Proxy:			<none>
Request params:	<none>
Query params:	key=qaclick123
Form params:	<none>
Path params:	<none>
Headers:		Accept=*/*
				Content-Type=application/json
Cookies:		<none>
Multiparts:		<none>
Body:
{
    "location": {
        "lat": -869846.454,
        "lng": 556464.145
    },
    "accuracy": 87,
    "name": "lavesh",
    "phone_number": "7981238723",
    "address": "success station heaven",
    "types": [
        "typeA",
        "typeB"
    ],
    "website": "www.laveshmane.com",
    "language": "marathi::hi::eng"
}
862e00976e2f6515bff1d01108f743b9
862e00976e2f6515bff1d01108f743b9
post
GET
lavesh
]]></system-out>
  </testcase>
  <testcase name="Verify addplace added sucessfully #2" classname="addPlace with diffrent data" time="0.814">
    <system-out><![CDATA[Request method:	POST
Request URI:	https://rahulshettyacademy.com/maps/api/place/add/json?key=qaclick123
Proxy:			<none>
Request params:	<none>
Query params:	key=qaclick123
Form params:	<none>
Path params:	<none>
Headers:		Accept=*/*
				Content-Type=application/json
Cookies:		<none>
Multiparts:		<none>
Body:
{
    "location": {
        "lat": -869846.454,
        "lng": 556464.145
    },
    "accuracy": 87,
    "name": "raju",
    "phone_number": "23879811278932",
    "address": "good morning village",
    "types": [
        "typeA",
        "typeB"
    ],
    "website": "www.laveshmane.com",
    "language": "marathi::hi::eng"
}
817b28e4e0a0af164c9fde2c7bc9624d
817b28e4e0a0af164c9fde2c7bc9624d
post
GET
raju
]]></system-out>
  </testcase>
  <testcase name="Verify addplace added sucessfully #3" classname="addPlace with diffrent data" time="2.824">
    <system-out><![CDATA[Request method:	POST
Request URI:	https://rahulshettyacademy.com/maps/api/place/add/json?key=qaclick123
Proxy:			<none>
Request params:	<none>
Query params:	key=qaclick123
Form params:	<none>
Path params:	<none>
Headers:		Accept=*/*
				Content-Type=application/json
Cookies:		<none>
Multiparts:		<none>
Body:
{
    "location": {
        "lat": -869846.454,
        "lng": 556464.145
    },
    "accuracy": 87,
    "name": "manisha",
    "phone_number": "786788876",
    "address": "heavy noodles dish sec 344",
    "types": [
        "typeA",
        "typeB"
    ],
    "website": "www.laveshmane.com",
    "language": "marathi::hi::eng"
}
d697877ac99d4101a350217996339cfa
d697877ac99d4101a350217996339cfa
post
GET
manisha
]]></system-out>
  </testcase>
  <testcase name="Verify Add place API" classname="Validate Place API" time="0.281">
    <system-out><![CDATA[Request method:	POST
Request URI:	https://rahulshettyacademy.com/maps/api/place/add/json?key=qaclick123
Proxy:			<none>
Request params:	<none>
Query params:	key=qaclick123
Form params:	<none>
Path params:	<none>
Headers:		Accept=*/*
				Content-Type=application/json
Cookies:		<none>
Multiparts:		<none>
Body:
{
    "location": {
        "lat": -869846.454,
        "lng": 556464.145
    },
    "accuracy": 87,
    "name": "lavesh",
    "phone_number": "784598215484",
    "address": "lavesh mane valase kar?",
    "types": [
        "typeA",
        "typeB"
    ],
    "website": "www.laveshmane.com",
    "language": "marathi::hi::eng"
}
e8c0cad73d3797cb24b50cf5f43a29f5
e8c0cad73d3797cb24b50cf5f43a29f5
post
OK
]]></system-out>
  </testcase>
  <testcase name="Verify Delete Place API" classname="Validate Place API" time="0.783">
    <system-out><![CDATA[null
null
post
OK
]]></system-out>
  </testcase>
</testsuite>