<?xml version="1.0" encoding="UTF-8"?>
<!-- Generated by org.testng.reporters.JUnitReportReporter -->
<testsuite hostname="Lavesh_Mane" failures="0" tests="2" name="Restassured.D_GetstaticJsonpayload_File" time="5.654" errors="0" timestamp="2023-01-13T14:25:29 IST" skipped="1">
  <testcase classname="Restassured.D_GetstaticJsonpayload_File" name="del" time="5.654"/>
  <system-out/>
  <testcase classname="Restassured.D_GetstaticJsonpayload_File" name="main">
    <skipped/>
  </testcase> <!-- main -->
  <system-out/>
</testsuite> <!-- Restassured.D_GetstaticJsonpayload_File -->
