<?xml version="1.0" encoding="UTF-8"?>
<!-- Generated by org.testng.reporters.JUnitReportReporter -->
<testsuite hostname="Lavesh_Mane" failures="0" tests="2" name="Restassured.D_dataprovider" time="5.714" errors="0" timestamp="2023-01-11T17:49:02 IST" skipped="0">
  <testcase classname="Restassured.D_dataprovider" name="addkitab" time="0.819"/>
  <system-out/>
  <testcase classname="Restassured.D_dataprovider" name="addkitab" time="4.895"/>
  <system-out/>
</testsuite> <!-- Restassured.D_dataprovider -->
