<?xml version="1.0" encoding="UTF-8"?>
<testng-results ignored="0" total="1" passed="1" failed="0" skipped="0">
  <reporter-output>
  </reporter-output>
  <suite started-at="2023-02-16T16:18:59 IST" name="Default suite" finished-at="2023-02-16T16:19:05 IST" duration-ms="5648">
    <groups>
    </groups>
    <test started-at="2023-02-16T16:18:59 IST" name="Default test" finished-at="2023-02-16T16:19:05 IST" duration-ms="5648">
      <class name="Restassured.LibraryAddbooktest">
        <test-method signature="add()[pri:0, instance:Restassured.LibraryAddbooktest@1af2d44a]" started-at="2023-02-16T16:18:59 IST" name="add" finished-at="2023-02-16T16:19:05 IST" duration-ms="5557" status="PASS">
          <reporter-output>
          </reporter-output>
        </test-method> <!-- add -->
      </class> <!-- Restassured.LibraryAddbooktest -->
    </test> <!-- Default test -->
  </suite> <!-- Default suite -->
</testng-results>
