<?xml version="1.0" encoding="UTF-8"?>
<!-- Generated by org.testng.reporters.JUnitReportReporter -->
<testsuite hostname="Lavesh_Mane" failures="0" tests="2" name="practice.project.priorityTestng" time="0.018" errors="0" timestamp="2023-02-06T13:42:35 IST" skipped="0">
  <testcase classname="practice.project.priorityTestng" name="ball" time="0.016"/>
  <system-out/>
  <testcase classname="practice.project.priorityTestng" name="apple" time="0.002"/>
  <system-out/>
</testsuite> <!-- practice.project.priorityTestng -->
